Unhandled SB-INT:SIMPLE-PROGRAM-ERROR in thread #<SB-THREAD:THREAD
                                                  "main thread" RUNNING
                                                   {1005B3F1D3}>:
  MAP-PRODUCT called with invalid number of arguments: 1

Backtrace for: #<SB-THREAD:THREAD "main thread" RUNNING {1005B3F1D3}>
0: (MAP-PRODUCT #<CLOSURE (LAMBDA (&REST PDDL.COMPONENT-ABSTRACTION::ARGS) :IN PDDL.COMPONENT-ABSTRACTION::ALL-INSTANTIATED-PREDICATES) {1005FEEE0B}>) [tl,external]
1: (PDDL.COMPONENT-ABSTRACTION::ALL-INSTANTIATED-PREDICATES #<PDDL-PROBLEM PEGSOLITAIRE-SEQUENTIAL-0302>)
2: (PDDL.COMPONENT-ABSTRACTION:STATIC-PREDICATES #<PDDL-PROBLEM PEGSOLITAIRE-SEQUENTIAL-0302>)
3: (PDDL.COMPONENT-ABSTRACTION:ABSTRACT-COMPONENTS-SEED-ONLY #<PDDL-PROBLEM PEGSOLITAIRE-SEQUENTIAL-0302> (TYPE LOCATION))
4: (PDDL.COMPONENT-ABSTRACTION:ABSTRACT-TASKS-SEED-ONLY #<PDDL-PROBLEM PEGSOLITAIRE-SEQUENTIAL-0302> (TYPE LOCATION))
5: (PDDL.COMPONENT-PLANNER::TASKS-BAG/AIG/SEED #<unavailable argument> #<unavailable argument> #<unavailable argument>)
6: (PDDL.COMPONENT-PLANNER::GENERATE-MACRO-PAIRS #<PDDL-PROBLEM PEGSOLITAIRE-SEQUENTIAL-030> #<PDDL-DOMAIN PEGSOLITAIRE-SEQUENTIAL>)
7: (ENHANCE-PROBLEM #<PDDL-PROBLEM PEGSOLITAIRE-SEQUENTIAL-030> :FILTERS NIL :MODIFY-DOMAIN-PROBLEM NIL)
8: (SB-EXT:CALL-WITH-TIMING #<FUNCTION SB-IMPL::PRINT-TIME> #<CLOSURE (LAMBDA NIL :IN SOLVE-PROBLEM-ENHANCING) {1005D1350B}>)
9: (SOLVE-PROBLEM-ENHANCING #<PDDL-PROBLEM PEGSOLITAIRE-SEQUENTIAL-030> :TIME-LIMIT 1 :NAME "fd-clean" :OPTIONS "ipc seq-sat-lama-2011" :VERBOSE T)
10: (SOLVE #P"/mnt/video/guicho/repos/lisp/pddl.component-planner/aaai/./pegsol-sat11-strips/p01.pddl" #P"/mnt/video/guicho/repos/lisp/pddl.component-planner/aaai/./pegsol-sat11-strips/domain.pddl")
11: (MAIN (#P"/mnt/video/guicho/repos/lisp/pddl.component-planner/aaai/./pegsol-sat11-strips/p01.pddl" #P"/mnt/video/guicho/repos/lisp/pddl.component-planner/aaai/./pegsol-sat11-strips/domain.pddl"))
12: (MAIN ("./pegsol-sat11-strips/p01.pddl"))
13: (MAIN ("-v" "./pegsol-sat11-strips/p01.pddl"))
14: (MAIN ("--validation" "-v" "./pegsol-sat11-strips/p01.pddl"))
15: ((FLET #:WITHOUT-INTERRUPTS-BODY-87 :IN SB-EXT:SAVE-LISP-AND-DIE))
16: ((LABELS SB-IMPL::RESTART-LISP :IN SB-EXT:SAVE-LISP-AND-DIE))

unhandled condition in --disable-debugger mode, quitting
