Unhandled UNBOUND-SLOT in thread #<SB-THREAD:THREAD "main thread" RUNNING
                                    {1005B3F1A3}>:
  The slot PDDL:TYPES is unbound in the object
  #<PDDL-DOMAIN STORAGE-PROPOSITIONAL>.

Backtrace for: #<SB-THREAD:THREAD "main thread" RUNNING {1005B3F1A3}>
0: ((LAMBDA NIL :IN SB-DEBUG::FUNCALL-WITH-DEBUG-IO-SYNTAX))
1: (SB-IMPL::CALL-WITH-SANE-IO-SYNTAX #<CLOSURE (LAMBDA NIL :IN SB-DEBUG::FUNCALL-WITH-DEBUG-IO-SYNTAX) {1005BB663B}>)
2: (SB-IMPL::%WITH-STANDARD-IO-SYNTAX #<CLOSURE (LAMBDA NIL :IN SB-DEBUG::FUNCALL-WITH-DEBUG-IO-SYNTAX) {1005BB660B}>)
3: (SB-DEBUG:PRINT-BACKTRACE :STREAM #<SYNONYM-STREAM :SYMBOL SB-SYS:*STDERR* {1000182C13}> :START 0 :FROM :INTERRUPTED-FRAME :COUNT NIL :PRINT-THREAD T :PRINT-FRAME-SOURCE NIL :METHOD-FRAME-STYLE NIL)
4: (SB-DEBUG::DEBUGGER-DISABLED-HOOK #<UNBOUND-SLOT TYPES {1005BB3063}> #<unavailable argument>)
5: (SB-DEBUG::RUN-HOOK SB-EXT:*INVOKE-DEBUGGER-HOOK* #<UNBOUND-SLOT TYPES {1005BB3063}>)
6: (INVOKE-DEBUGGER #<UNBOUND-SLOT TYPES {1005BB3063}>)
7: (ERROR #<UNBOUND-SLOT TYPES {1005BB3063}>)
8: ((:METHOD SLOT-UNBOUND (T T T)) #<unavailable argument> #<PDDL-DOMAIN STORAGE-PROPOSITIONAL> TYPES) [fast-method]
9: (SB-PCL::SLOT-UNBOUND-INTERNAL #<PDDL-DOMAIN STORAGE-PROPOSITIONAL> 3)
10: (PDDL::%INTERN-VARIABLE ((TYPE TRANSITAREA << AREA) (TYPE STOREAREA << AREA) (TYPE DEPOT << PLACE) (TYPE CONTAINER << PLACE) (TYPE HOIST) (TYPE SURFACE) (TYPE PLACE) (TYPE AREA) (PRIMITIVE-TYPE OBJECT)) AREA SURFACE)
11: (PDDL::%GETTING-VARS (- SURFACE) (AREA CRATE) ((TYPE DEPOT << PLACE) (TYPE CONTAINER << PLACE) (TYPE TRANSITAREA << AREA) (TYPE STOREAREA << AREA)) ((TYPE TRANSITAREA << AREA) (TYPE STOREAREA << AREA) (TYPE DEPOT << PLACE) (TYPE CONTAINER << PLACE) (TYPE HOIST) (TYPE SURFACE) (TYPE PLACE) (TYPE AREA) (PRIMITIVE-TYPE OBJECT)) #<CLOSURE (LAMBDA (NAME &OPTIONAL PDDL::TYPESYM) :IN PDDL::%PARSE-TYPES-REC) {1005BB007B}>)
12: (PDDL::%GETTING-VARS (- AREA CRATE AREA - SURFACE) (STOREAREA TRANSITAREA) ((TYPE DEPOT << PLACE) (TYPE CONTAINER << PLACE)) ((TYPE TRANSITAREA << AREA) (TYPE STOREAREA << AREA) (TYPE DEPOT << PLACE) (TYPE CONTAINER << PLACE) (TYPE HOIST) (TYPE SURFACE) (TYPE PLACE) (TYPE AREA) (PRIMITIVE-TYPE OBJECT)) #<CLOSURE (LAMBDA (NAME &OPTIONAL PDDL::TYPESYM) :IN PDDL::%PARSE-TYPES-REC) {1005BB007B}>)
13: (PDDL::%GETTING-VARS (- PLACE TRANSITAREA STOREAREA - AREA CRATE AREA - SURFACE) (CONTAINER DEPOT) NIL ((TYPE DEPOT << PLACE) (TYPE CONTAINER << PLACE) (TYPE HOIST) (TYPE SURFACE) (TYPE PLACE) (TYPE AREA) (PRIMITIVE-TYPE OBJECT)) #<CLOSURE (LAMBDA (NAME &OPTIONAL PDDL::TYPESYM) :IN PDDL::%PARSE-TYPES-REC) {1005BB007B}>)
14: (PDDL::%PARSE-TYPES-REC (DEPOT CONTAINER - PLACE TRANSITAREA STOREAREA - AREA CRATE AREA - SURFACE) ((TYPE HOIST) (TYPE SURFACE) (TYPE PLACE) (TYPE AREA) (PRIMITIVE-TYPE OBJECT)))
15: (PDDL::PARSE-DOMAIN-DEF STORAGE-PROPOSITIONAL ((:REQUIREMENTS :TYPING) (:TYPES HOIST SURFACE PLACE AREA - OBJECT CONTAINER DEPOT - PLACE STOREAREA ...) (:PREDICATES (CLEAR ?S - STOREAREA) (IN ?X - (EITHER STOREAREA CRATE) ?P - PLACE) (AVAILABLE ?H - HOIST) (LIFTING ?H - HOIST ?C - CRATE) (AT ?H - HOIST ?A - AREA) (ON ?C - CRATE ?S - STOREAREA) (CONNECTED ?A1 ?A2 - AREA) (COMPATIBLE ?C1 ?C2 - CRATE)) (:ACTION LIFT :PARAMETERS #1=(?H - HOIST ?C - CRATE ?A1 - STOREAREA ?A2 - AREA ...) :PRECONDITION (AND #2=(CONNECTED ?A1 ?A2) #3=(AT ?H ?A2) #4=(AVAILABLE ?H) #5=(ON ?C ?A1) #6=(IN ?A1 ?P)) :EFFECT (AND (NOT #5#) #7=(CLEAR ?A1) (NOT #4#) #8=(LIFTING ?H ?C) (NOT #9=(IN ?C ?P)))) (:ACTION DROP :PARAMETERS #1# :PRECONDITION (AND #2# #3# #8# #7# #6#) :EFFECT (AND (NOT #8#) #4# (NOT #7#) #5# #9#)) (:ACTION MOVE :PARAMETERS (?H - HOIST ?FROM ?TO - STOREAREA) :PRECONDITION (AND #10=(AT ?H ?FROM) #11=(CLEAR ?TO) #12=(CONNECTED ?FROM ?TO)) :EFFECT (AND #13=(NOT #10#) #14=(AT ?H ?TO) #15=(NOT #11#) #16=(CLEAR ?FROM))) (:ACTION GO-OUT :PARAMETERS (?H - HOIST ?FROM - STOREAREA ?TO - TRANSITAREA) :PRECONDITION (AND #10# #12#) :EFFECT (AND #13# #14# #16#)) (:ACTION GO-IN :PARAMETERS (?H - HOIST ?FROM - TRANSITAREA ?TO - STOREAREA) :PRECONDITION (AND #10# #12# #11#) :EFFECT (AND #13# #14# #15#))))
16: (SB-FASL::FOP-FUNCALL)
17: (SB-FASL::LOAD-FASL-GROUP #<SB-SYS:FD-STREAM for "file /tmp/pddl/mnt/video/guicho/repos/lisp/pddl.component-planner/aaai/storage/domain.pddlfasl" {1005BA23D3}> NIL)
18: (SB-FASL::LOAD-AS-FASL #<SB-SYS:FD-STREAM for "file /tmp/pddl/mnt/video/guicho/repos/lisp/pddl.component-planner/aaai/storage/domain.pddlfasl" {1005BA23D3}> NIL NIL)
19: ((FLET SB-FASL::LOAD-STREAM :IN LOAD) #<SB-SYS:FD-STREAM for "file /tmp/pddl/mnt/video/guicho/repos/lisp/pddl.component-planner/aaai/storage/domain.pddlfasl" {1005BA23D3}> T)
20: (LOAD #P"/tmp/pddl/mnt/video/guicho/repos/lisp/pddl.component-planner/aaai/storage/domain.pddlfasl" :VERBOSE NIL :PRINT NIL :IF-DOES-NOT-EXIST T :EXTERNAL-FORMAT :DEFAULT)
21: (PARSE-FILE #P"/mnt/video/guicho/repos/lisp/pddl.component-planner/aaai/./storage/domain.pddl" NIL T)
22: (SOLVE #P"/mnt/video/guicho/repos/lisp/pddl.component-planner/aaai/./storage/p01.pddl" #P"/mnt/video/guicho/repos/lisp/pddl.component-planner/aaai/./storage/domain.pddl")
23: (MAIN (#P"/mnt/video/guicho/repos/lisp/pddl.component-planner/aaai/./storage/p01.pddl" #P"/mnt/video/guicho/repos/lisp/pddl.component-planner/aaai/./storage/domain.pddl"))
24: (MAIN ("./storage/p01.pddl"))
25: (MAIN ("-v" "./storage/p01.pddl"))
26: (MAIN ("--validation" "-v" "./storage/p01.pddl"))
27: ((FLET #:WITHOUT-INTERRUPTS-BODY-87 :IN SB-EXT:SAVE-LISP-AND-DIE))
28: ((LABELS SB-IMPL::RESTART-LISP :IN SB-EXT:SAVE-LISP-AND-DIE))

unhandled condition in --disable-debugger mode, quitting
